<?xml version="1.0" encoding="UTF-8"?>
<!-- Generated by org.testng.reporters.JUnitXMLReporter -->
<testsuite ignored="1" hostname="LAPTOP-4FN0AGO1" failures="0" tests="20" name="Test" time="2.032" errors="0" timestamp="2023-03-14T21:11:48 IST">
  <testcase classname="POMPractice.FacebookLoginTestcaseExecution" name="@BeforeTest userEnterValidateEmailIdAndPassword" time="1.853">
    <failure type="org.openqa.selenium.SessionNotCreatedException" message="Could not start a new session. Response code 500. Message: session not created: This version of ChromeDriver only supports Chrome version 109
Current browser version is 111.0.5563.65 with binary path C:\Program Files\Google\Chrome\Application\chrome.exe 
Host info: host: &amp;apos;LAPTOP-4FN0AGO1&amp;apos;, ip: &amp;apos;192.168.29.100&amp;apos;
Build info: version: &amp;apos;4.7.2&amp;apos;, revision: &amp;apos;4d4020c3b7&amp;apos;
System info: os.name: &amp;apos;Windows 11&amp;apos;, os.arch: &amp;apos;amd64&amp;apos;, os.version: &amp;apos;10.0&amp;apos;, java.version: &amp;apos;17.0.5&amp;apos;
Driver info: org.openqa.selenium.chrome.ChromeDriver
Command: [null, newSession {capabilities=[Capabilities {browserName: chrome, goog:chromeOptions: {args: [--remote-allow-origins=*], extensions: []}}], desiredCapabilities=Capabilities {browserName: chrome, goog:chromeOptions: {args: [--remote-allow-origins=*], extensions: []}}}]">
      <![CDATA[org.openqa.selenium.SessionNotCreatedException: Could not start a new session. Response code 500. Message: session not created: This version of ChromeDriver only supports Chrome version 109
Current browser version is 111.0.5563.65 with binary path C:\Program Files\Google\Chrome\Application\chrome.exe 
Host info: host: 'LAPTOP-4FN0AGO1', ip: '192.168.29.100'
Build info: version: '4.7.2', revision: '4d4020c3b7'
System info: os.name: 'Windows 11', os.arch: 'amd64', os.version: '10.0', java.version: '17.0.5'
Driver info: org.openqa.selenium.chrome.ChromeDriver
Command: [null, newSession {capabilities=[Capabilities {browserName: chrome, goog:chromeOptions: {args: [--remote-allow-origins=*], extensions: []}}], desiredCapabilities=Capabilities {browserName: chrome, goog:chromeOptions: {args: [--remote-allow-origins=*], extensions: []}}}]
at org.openqa.selenium.remote.ProtocolHandshake.createSession(ProtocolHandshake.java:148)
at org.openqa.selenium.remote.ProtocolHandshake.createSession(ProtocolHandshake.java:106)
at org.openqa.selenium.remote.ProtocolHandshake.createSession(ProtocolHandshake.java:67)
at org.openqa.selenium.remote.HttpCommandExecutor.execute(HttpCommandExecutor.java:156)
at org.openqa.selenium.remote.service.DriverCommandExecutor.invokeExecute(DriverCommandExecutor.java:167)
at org.openqa.selenium.remote.service.DriverCommandExecutor.execute(DriverCommandExecutor.java:142)
at org.openqa.selenium.remote.RemoteWebDriver.execute(RemoteWebDriver.java:535)
at org.openqa.selenium.remote.RemoteWebDriver.startSession(RemoteWebDriver.java:228)
at org.openqa.selenium.remote.RemoteWebDriver.<init>(RemoteWebDriver.java:156)
at org.openqa.selenium.chromium.ChromiumDriver.<init>(ChromiumDriver.java:101)
at org.openqa.selenium.chrome.ChromeDriver.<init>(ChromeDriver.java:82)
at org.openqa.selenium.chrome.ChromeDriver.<init>(ChromeDriver.java:71)
at basic.OpenBrowser.OpenBrowser1(OpenBrowser.java:13)
at POMPractice.FacebookLoginTestcaseExecution.userEnterValidateEmailIdAndPassword(FacebookLoginTestcaseExecution.java:20)
... Removed 24 stack frames]]>
    </failure>
  </testcase> <!-- @BeforeTest userEnterValidateEmailIdAndPassword -->
  <testcase classname="POMPractice.KhanAcademyTestCaseExecution" name="@BeforeTest validateKhanAcademyLoginCorrectUserNameAndPassword" time="0.0">
    <skipped/>
  </testcase> <!-- @BeforeTest validateKhanAcademyLoginCorrectUserNameAndPassword -->
  <testcase classname="TestNGAll.TestNgAnotation" name="@BeforeTest beforeTest" time="0.0">
    <skipped/>
  </testcase> <!-- @BeforeTest beforeTest -->
  <testcase classname="basic.FacebookLoginTestCasePOM" name="@BeforeTest browser" time="0.0">
    <skipped/>
  </testcase> <!-- @BeforeTest browser -->
  <testcase classname="TestNGAll.GroupByTestNGAnotation" name="@BeforeGroups beforegroup" time="0.0">
    <skipped/>
  </testcase> <!-- @BeforeGroups beforegroup -->
  <testcase classname="TestNGAll.GroupByTestNGAnotation" name="@AfterGroups afterGroup" time="0.0">
    <skipped/>
  </testcase> <!-- @AfterGroups afterGroup -->
  <testcase classname="TestNGAll.TestNgAnotation" name="@BeforeClass beforeClass" time="0.0">
    <skipped/>
  </testcase> <!-- @BeforeClass beforeClass -->
  <testcase classname="TestNGAll.TestNgAnotation" name="@BeforeMethod beforeMethod" time="0.0">
    <skipped/>
  </testcase> <!-- @BeforeMethod beforeMethod -->
  <testcase classname="TestNGAll.TestNgAnotation" name="@AfterMethod afterMethod" time="0.0">
    <skipped/>
  </testcase> <!-- @AfterMethod afterMethod -->
  <testcase classname="TestNGAll.TestNgAnotation" name="@BeforeMethod beforeMethod" time="0.0">
    <skipped/>
  </testcase> <!-- @BeforeMethod beforeMethod -->
  <testcase classname="TestNGAll.TestNgAnotation" name="@AfterMethod afterMethod" time="0.0">
    <skipped/>
  </testcase> <!-- @AfterMethod afterMethod -->
  <testcase classname="TestNGAll.TestNgAnotation" name="@AfterClass afterClass" time="0.0">
    <skipped/>
  </testcase> <!-- @AfterClass afterClass -->
  <testcase classname="POMPractice.FacebookLoginTestcaseExecution" name="ValidateLoginFacebookWithInvaliedUsernameAndInvaliedPassword" time="0.0">
    <skipped/>
  </testcase> <!-- ValidateLoginFacebookWithInvaliedUsernameAndInvaliedPassword -->
  <testcase classname="POMPractice.FacebookLoginTestcaseExecution" name="ValidateLoginFacebookWithValiedUsernameAndInvaliedPassword" time="0.0">
    <skipped/>
  </testcase> <!-- ValidateLoginFacebookWithValiedUsernameAndInvaliedPassword -->
  <testcase classname="POMPractice.FacebookLoginTestcaseExecution" name="userEnterValidateEmailIdAndPassword" time="0.0">
    <skipped/>
  </testcase> <!-- userEnterValidateEmailIdAndPassword -->
  <testcase classname="basic.FacebookLoginTestCasePOM" name="ValidateLoginFacebookWithInvaliedUsernameAndInvaliedPassword" time="0.0">
    <skipped/>
  </testcase> <!-- ValidateLoginFacebookWithInvaliedUsernameAndInvaliedPassword -->
  <testcase classname="basic.FacebookLoginTestCasePOM" name="ValidateLoginFacebookWithValiedUsernameAndInvaliedPassword" time="0.0">
    <skipped/>
  </testcase> <!-- ValidateLoginFacebookWithValiedUsernameAndInvaliedPassword -->
  <testcase classname="basic.FacebookLoginTestCasePOM" name="ValidateLoginFacebookWithValiedUsernameAndPassword" time="0.0">
    <skipped/>
  </testcase> <!-- ValidateLoginFacebookWithValiedUsernameAndPassword -->
  <testcase classname="TestNGAll.PriorityToCheck" name="test1" time="0.0">
    <skipped/>
  </testcase> <!-- test1 -->
  <testcase classname="TestNGAll.PriorityToCheck" name="test2" time="0.0">
    <skipped/>
  </testcase> <!-- test2 -->
  <testcase classname="TestNGAll.PriorityToCheck" name="test4" time="0.0">
    <skipped/>
  </testcase> <!-- test4 -->
  <testcase classname="POMPractice.KhanAcademyTestCaseExecution" name="validateKhanAcademyLoginCorrectUserNameAndPassword" time="0.0">
    <skipped/>
  </testcase> <!-- validateKhanAcademyLoginCorrectUserNameAndPassword -->
  <testcase classname="POMPractice.KhanAcademyTestCaseExecution" name="validateKhanAcademyLoginInCorrectUserNameAndPassword" time="0.0">
    <skipped/>
  </testcase> <!-- validateKhanAcademyLoginInCorrectUserNameAndPassword -->
  <testcase classname="POMPractice.KhanAcademyTestCaseExecution" name="validateKhanAcademyLoginInCorrectUserNameAndValiedPassword" time="0.0">
    <skipped/>
  </testcase> <!-- validateKhanAcademyLoginInCorrectUserNameAndValiedPassword -->
  <testcase classname="TestNGAll.GroupByTestNGAnotation" name="setPriority" time="0.0">
    <skipped/>
  </testcase> <!-- setPriority -->
  <testcase classname="TestNGAll.PriorityKeywords" name="test" time="0.0">
    <skipped/>
  </testcase> <!-- test -->
  <testcase classname="TestNGAll.PriorityKeywords" name="test1" time="0.0">
    <skipped/>
  </testcase> <!-- test1 -->
  <testcase classname="TestNGAll.PriorityKeywords" name="test1" time="0.0">
    <skipped/>
  </testcase> <!-- test1 -->
  <testcase classname="TestNGAll.PriorityKeywords" name="test1" time="0.0">
    <skipped/>
  </testcase> <!-- test1 -->
  <testcase classname="TestNGAll.PriorityKeywords" name="test3" time="0.0">
    <skipped/>
  </testcase> <!-- test3 -->
  <testcase classname="TestNGAll.TestNgAnotation" name="test1" time="0.0">
    <skipped/>
  </testcase> <!-- test1 -->
  <testcase classname="TestNGAll.TestNgAnotation" name="test2" time="0.0">
    <skipped/>
  </testcase> <!-- test2 -->
  <testcase classname="TestNGAll.PriorityKeywords" name="test2" time="0.0">
    <ignored/>
  </testcase> <!-- test2 -->
</testsuite> <!-- Test -->
