<?xml version="1.0" encoding="UTF-8"?>
<!-- Generated by org.testng.reporters.JUnitXMLReporter -->
<testsuite ignored="1" hostname="LAPTOP-4FN0AGO1" failures="0" tests="5" name="FacebookLogin" time="3.518" errors="0" timestamp="2023-03-14T10:00:42 IST">
  <testcase classname="POMPractice.KhanAcademyTestCaseExecution" name="@BeforeTest validateKhanAcademyLoginCorrectUserNameAndPassword" time="3.409">
    <failure type="org.openqa.selenium.remote.http.ConnectionFailedException" message="Unable to establish websocket connection to http://localhost:53857/devtools/browser/17e50933-c000-4992-9998-e4ba21597dcc
Build info: version: &amp;apos;4.7.2&amp;apos;, revision: &amp;apos;4d4020c3b7&amp;apos;
System info: os.name: &amp;apos;Windows 11&amp;apos;, os.arch: &amp;apos;amd64&amp;apos;, os.version: &amp;apos;10.0&amp;apos;, java.version: &amp;apos;17.0.5&amp;apos;
Driver info: driver.version: ChromeDriver">
      <![CDATA[org.openqa.selenium.remote.http.ConnectionFailedException: Unable to establish websocket connection to http://localhost:53857/devtools/browser/17e50933-c000-4992-9998-e4ba21597dcc
Build info: version: '4.7.2', revision: '4d4020c3b7'
System info: os.name: 'Windows 11', os.arch: 'amd64', os.version: '10.0', java.version: '17.0.5'
Driver info: driver.version: ChromeDriver
at org.openqa.selenium.remote.http.netty.NettyWebSocket.<init>(NettyWebSocket.java:102)
at org.openqa.selenium.remote.http.netty.NettyWebSocket.lambda$create$3(NettyWebSocket.java:128)
at org.openqa.selenium.remote.http.netty.NettyClient.openSocket(NettyClient.java:107)
at org.openqa.selenium.devtools.Connection.<init>(Connection.java:78)
at org.openqa.selenium.chromium.ChromiumDriver.lambda$new$2(ChromiumDriver.java:116)
at java.base/java.util.Optional.map(Optional.java:260)
at org.openqa.selenium.chromium.ChromiumDriver.<init>(ChromiumDriver.java:114)
at org.openqa.selenium.chrome.ChromeDriver.<init>(ChromeDriver.java:82)
at org.openqa.selenium.chrome.ChromeDriver.<init>(ChromeDriver.java:50)
at POMPractice.Browser.OpenBrowser(Browser.java:9)
at POMPractice.KhanAcademyTestCaseExecution.validateKhanAcademyLoginCorrectUserNameAndPassword(KhanAcademyTestCaseExecution.java:17)
... Removed 24 stack frames]]>
    </failure>
  </testcase> <!-- @BeforeTest validateKhanAcademyLoginCorrectUserNameAndPassword -->
  <testcase classname="POMPractice.KhanAcademyTestCaseExecution" name="validateKhanAcademyLoginCorrectUserNameAndPassword" time="0.0">
    <skipped/>
  </testcase> <!-- validateKhanAcademyLoginCorrectUserNameAndPassword -->
  <testcase classname="POMPractice.KhanAcademyTestCaseExecution" name="validateKhanAcademyLoginInCorrectUserNameAndPassword" time="0.0">
    <skipped/>
  </testcase> <!-- validateKhanAcademyLoginInCorrectUserNameAndPassword -->
  <testcase classname="POMPractice.KhanAcademyTestCaseExecution" name="validateKhanAcademyLoginInCorrectUserNameAndValiedPassword" time="0.0">
    <skipped/>
  </testcase> <!-- validateKhanAcademyLoginInCorrectUserNameAndValiedPassword -->
  <testcase classname="TestNGAll.PriorityToCheck" name="test1" time="0.0">
    <skipped/>
  </testcase> <!-- test1 -->
  <testcase classname="TestNGAll.PriorityToCheck" name="test4" time="0.0">
    <skipped/>
  </testcase> <!-- test4 -->
  <testcase classname="TestNGAll.PriorityToCheck" name="test2" time="0.0">
    <ignored/>
  </testcase> <!-- test2 -->
</testsuite> <!-- FacebookLogin -->
