<?xml version="1.0" encoding="UTF-8"?>
<!-- Generated by org.testng.reporters.JUnitXMLReporter -->
<testsuite ignored="1" hostname="LAPTOP-4FN0AGO1" failures="8" tests="21" name="Test" time="288.692" errors="0" timestamp="2023-03-16T13:25:35 IST">
  <testcase classname="POMPractice.FacebookLoginTestcaseExecution" name="ValidateLoginFacebookWithInvaliedUsernameAndInvaliedPassword" time="18.425"/>
  <testcase classname="POMPractice.FacebookLoginTestcaseExecution" name="ValidateLoginFacebookWithValiedUsernameAndInvaliedPassword" time="17.071"/>
  <testcase classname="POMPractice.FacebookLoginTestcaseExecution" name="userEnterValidateEmailIdAndPassword" time="23.782"/>
  <testcase classname="POMPractice.NaaptolLoginExecutionPage" name="userEnterValidateMobilenumber" time="53.948"/>
  <testcase classname="basic.FacebookLoginTestCasePOM" name="ValidateLoginFacebookWithInvaliedUsernameAndInvaliedPassword" time="0.034">
    <failure type="java.lang.NullPointerException" message="Cannot invoke &amp;quot;org.openqa.selenium.SearchContext.findElement(org.openqa.selenium.By)&amp;quot; because &amp;quot;this.searchContext&amp;quot; is null">
      <![CDATA[java.lang.NullPointerException: Cannot invoke "org.openqa.selenium.SearchContext.findElement(org.openqa.selenium.By)" because "this.searchContext" is null
at org.openqa.selenium.support.pagefactory.DefaultElementLocator.findElement(DefaultElementLocator.java:70)
at org.openqa.selenium.support.pagefactory.internal.LocatingElementHandler.invoke(LocatingElementHandler.java:39)
at jdk.proxy2/jdk.proxy2.$Proxy22.sendKeys(Unknown Source)
at basic.FaceBookLoginPageWithPOM.enterEmailId(FaceBookLoginPageWithPOM.java:19)
at basic.FacebookLoginTestCasePOM.ValidateLoginFacebookWithInvaliedUsernameAndInvaliedPassword(FacebookLoginTestCasePOM.java:47)
at java.base/java.util.ArrayList.forEach(ArrayList.java:1511)
... Removed 27 stack frames]]>
    </failure>
  </testcase> <!-- ValidateLoginFacebookWithInvaliedUsernameAndInvaliedPassword -->
  <testcase classname="basic.FacebookLoginTestCasePOM" name="ValidateLoginFacebookWithValiedUsernameAndInvaliedPassword" time="0.052">
    <failure type="java.lang.NullPointerException" message="Cannot invoke &amp;quot;org.openqa.selenium.SearchContext.findElement(org.openqa.selenium.By)&amp;quot; because &amp;quot;this.searchContext&amp;quot; is null">
      <![CDATA[java.lang.NullPointerException: Cannot invoke "org.openqa.selenium.SearchContext.findElement(org.openqa.selenium.By)" because "this.searchContext" is null
at org.openqa.selenium.support.pagefactory.DefaultElementLocator.findElement(DefaultElementLocator.java:70)
at org.openqa.selenium.support.pagefactory.internal.LocatingElementHandler.invoke(LocatingElementHandler.java:39)
at jdk.proxy2/jdk.proxy2.$Proxy22.sendKeys(Unknown Source)
at basic.FaceBookLoginPageWithPOM.enterEmailId(FaceBookLoginPageWithPOM.java:19)
at basic.FacebookLoginTestCasePOM.ValidateLoginFacebookWithValiedUsernameAndInvaliedPassword(FacebookLoginTestCasePOM.java:35)
at java.base/java.util.ArrayList.forEach(ArrayList.java:1511)
... Removed 27 stack frames]]>
    </failure>
  </testcase> <!-- ValidateLoginFacebookWithValiedUsernameAndInvaliedPassword -->
  <testcase classname="basic.FacebookLoginTestCasePOM" name="ValidateLoginFacebookWithValiedUsernameAndPassword" time="0.057">
    <failure type="java.lang.NullPointerException" message="Cannot invoke &amp;quot;org.openqa.selenium.SearchContext.findElement(org.openqa.selenium.By)&amp;quot; because &amp;quot;this.searchContext&amp;quot; is null">
      <![CDATA[java.lang.NullPointerException: Cannot invoke "org.openqa.selenium.SearchContext.findElement(org.openqa.selenium.By)" because "this.searchContext" is null
at org.openqa.selenium.support.pagefactory.DefaultElementLocator.findElement(DefaultElementLocator.java:70)
at org.openqa.selenium.support.pagefactory.internal.LocatingElementHandler.invoke(LocatingElementHandler.java:39)
at jdk.proxy2/jdk.proxy2.$Proxy22.sendKeys(Unknown Source)
at basic.FaceBookLoginPageWithPOM.enterEmailId(FaceBookLoginPageWithPOM.java:19)
at basic.FacebookLoginTestCasePOM.ValidateLoginFacebookWithValiedUsernameAndPassword(FacebookLoginTestCasePOM.java:23)
at java.base/java.util.ArrayList.forEach(ArrayList.java:1511)
... Removed 27 stack frames]]>
    </failure>
  </testcase> <!-- ValidateLoginFacebookWithValiedUsernameAndPassword -->
  <testcase classname="TestNGAll.PriorityToCheck" name="test1" time="0.0">
    <failure type="org.testng.TestNGException" message="
Parameter &amp;apos;a&amp;apos; is required by @Test on method test1 but has not been marked @Optional or defined
in C:\eclipse workplace\Automation\testng.xml">
      <![CDATA[org.testng.TestNGException: 
Parameter 'a' is required by @Test on method test1 but has not been marked @Optional or defined
in C:\eclipse workplace\Automation\testng.xml
at java.base/java.util.ArrayList.forEach(ArrayList.java:1511)
... Removed 26 stack frames]]>
    </failure>
  </testcase> <!-- test1 -->
  <testcase classname="TestNGAll.PriorityToCheck" name="test2" time="0.0">
    <failure type="org.testng.TestNGException" message="
Parameter &amp;apos;s&amp;apos; is required by @Test on method test2 but has not been marked @Optional or defined
in C:\eclipse workplace\Automation\testng.xml">
      <![CDATA[org.testng.TestNGException: 
Parameter 's' is required by @Test on method test2 but has not been marked @Optional or defined
in C:\eclipse workplace\Automation\testng.xml
at java.base/java.util.ArrayList.forEach(ArrayList.java:1511)
... Removed 26 stack frames]]>
    </failure>
  </testcase> <!-- test2 -->
  <testcase classname="TestNGAll.PriorityToCheck" name="test4" time="0.015"/>
  <testcase classname="POMPractice.KhanAcademyTestCaseExecution" name="validateKhanAcademyLoginCorrectUserNameAndPassword" time="88.071"/>
  <testcase classname="POMPractice.KhanAcademyTestCaseExecution" name="validateKhanAcademyLoginInCorrectUserNameAndPassword" time="6.489">
    <failure type="org.openqa.selenium.remote.http.ConnectionFailedException" message="Unable to establish websocket connection to http://localhost:65087/devtools/browser/6d3d7498-7bf9-487c-90fd-3c287ce51447
Build info: version: &amp;apos;4.7.2&amp;apos;, revision: &amp;apos;4d4020c3b7&amp;apos;
System info: os.name: &amp;apos;Windows 11&amp;apos;, os.arch: &amp;apos;amd64&amp;apos;, os.version: &amp;apos;10.0&amp;apos;, java.version: &amp;apos;17.0.5&amp;apos;
Driver info: driver.version: ChromeDriver">
      <![CDATA[org.openqa.selenium.remote.http.ConnectionFailedException: Unable to establish websocket connection to http://localhost:65087/devtools/browser/6d3d7498-7bf9-487c-90fd-3c287ce51447
Build info: version: '4.7.2', revision: '4d4020c3b7'
System info: os.name: 'Windows 11', os.arch: 'amd64', os.version: '10.0', java.version: '17.0.5'
Driver info: driver.version: ChromeDriver
at org.openqa.selenium.remote.http.netty.NettyWebSocket.<init>(NettyWebSocket.java:102)
at org.openqa.selenium.remote.http.netty.NettyWebSocket.lambda$create$3(NettyWebSocket.java:128)
at org.openqa.selenium.remote.http.netty.NettyClient.openSocket(NettyClient.java:107)
at org.openqa.selenium.devtools.Connection.<init>(Connection.java:78)
at org.openqa.selenium.chromium.ChromiumDriver.lambda$new$2(ChromiumDriver.java:116)
at java.base/java.util.Optional.map(Optional.java:260)
at org.openqa.selenium.chromium.ChromiumDriver.<init>(ChromiumDriver.java:114)
at org.openqa.selenium.chrome.ChromeDriver.<init>(ChromeDriver.java:82)
at org.openqa.selenium.chrome.ChromeDriver.<init>(ChromeDriver.java:50)
at POMPractice.Browser.OpenBrowser(Browser.java:9)
at POMPractice.KhanAcademyTestCaseExecution.validateKhanAcademyLoginInCorrectUserNameAndPassword(KhanAcademyTestCaseExecution.java:26)
at java.base/java.util.ArrayList.forEach(ArrayList.java:1511)
... Removed 27 stack frames]]>
    </failure>
  </testcase> <!-- validateKhanAcademyLoginInCorrectUserNameAndPassword -->
  <testcase classname="POMPractice.KhanAcademyTestCaseExecution" name="validateKhanAcademyLoginInCorrectUserNameAndValiedPassword" time="8.494">
    <failure type="org.openqa.selenium.remote.http.ConnectionFailedException" message="Unable to establish websocket connection to http://localhost:65113/devtools/browser/620719e9-a4d6-4830-af0f-c9c5e76b315e
Build info: version: &amp;apos;4.7.2&amp;apos;, revision: &amp;apos;4d4020c3b7&amp;apos;
System info: os.name: &amp;apos;Windows 11&amp;apos;, os.arch: &amp;apos;amd64&amp;apos;, os.version: &amp;apos;10.0&amp;apos;, java.version: &amp;apos;17.0.5&amp;apos;
Driver info: driver.version: ChromeDriver">
      <![CDATA[org.openqa.selenium.remote.http.ConnectionFailedException: Unable to establish websocket connection to http://localhost:65113/devtools/browser/620719e9-a4d6-4830-af0f-c9c5e76b315e
Build info: version: '4.7.2', revision: '4d4020c3b7'
System info: os.name: 'Windows 11', os.arch: 'amd64', os.version: '10.0', java.version: '17.0.5'
Driver info: driver.version: ChromeDriver
at org.openqa.selenium.remote.http.netty.NettyWebSocket.<init>(NettyWebSocket.java:102)
at org.openqa.selenium.remote.http.netty.NettyWebSocket.lambda$create$3(NettyWebSocket.java:128)
at org.openqa.selenium.remote.http.netty.NettyClient.openSocket(NettyClient.java:107)
at org.openqa.selenium.devtools.Connection.<init>(Connection.java:78)
at org.openqa.selenium.chromium.ChromiumDriver.lambda$new$2(ChromiumDriver.java:116)
at java.base/java.util.Optional.map(Optional.java:260)
at org.openqa.selenium.chromium.ChromiumDriver.<init>(ChromiumDriver.java:114)
at org.openqa.selenium.chrome.ChromeDriver.<init>(ChromeDriver.java:82)
at org.openqa.selenium.chrome.ChromeDriver.<init>(ChromeDriver.java:50)
at POMPractice.Browser.OpenBrowser(Browser.java:9)
at POMPractice.KhanAcademyTestCaseExecution.validateKhanAcademyLoginInCorrectUserNameAndValiedPassword(KhanAcademyTestCaseExecution.java:34)
at java.base/java.util.ArrayList.forEach(ArrayList.java:1511)
... Removed 27 stack frames]]>
    </failure>
  </testcase> <!-- validateKhanAcademyLoginInCorrectUserNameAndValiedPassword -->
  <testcase classname="TestNGAll.GroupByTestNGAnotation" name="setPriority" time="0.0"/>
  <testcase classname="TestNGAll.PriorityKeywords" name="test" time="0.677">
    <failure type="org.testng.internal.thread.ThreadTimeoutException" message="Method TestNGAll.PriorityKeywords.test() didn&amp;apos;t finish within the time-out 500">
      <![CDATA[org.testng.internal.thread.ThreadTimeoutException: Method TestNGAll.PriorityKeywords.test() didn't finish within the time-out 500
at java.base@17.0.5/java.lang.Thread.sleep(Native Method)
at app//TestNGAll.PriorityKeywords.test(PriorityKeywords.java:13)
at java.base@17.0.5/java.util.concurrent.FutureTask.run(FutureTask.java:264)
at java.base@17.0.5/java.util.concurrent.ThreadPoolExecutor.runWorker(ThreadPoolExecutor.java:1136)
at java.base@17.0.5/java.util.concurrent.ThreadPoolExecutor$Worker.run(ThreadPoolExecutor.java:635)
at java.base@17.0.5/java.lang.Thread.run(Thread.java:833)
... Removed 8 stack frames]]>
    </failure>
  </testcase> <!-- test -->
  <testcase classname="TestNGAll.PriorityKeywords" name="test1" time="0.0"/>
  <testcase classname="TestNGAll.PriorityKeywords" name="test1" time="0.002"/>
  <testcase classname="TestNGAll.PriorityKeywords" name="test1" time="0.0"/>
  <testcase classname="TestNGAll.PriorityKeywords" name="test3" time="0.0"/>
  <testcase classname="TestNGAll.TestNgAnotation" name="test1" time="0.009"/>
  <testcase classname="TestNGAll.TestNgAnotation" name="test2" time="0.0"/>
  <testcase classname="TestNGAll.PriorityKeywords" name="test2" time="0.0">
    <ignored/>
  </testcase> <!-- test2 -->
</testsuite> <!-- Test -->
